0 verbose cli /Users/acl-nt0016ve/.nvm/versions/node/v22.16.0/bin/node /Users/acl-nt0016ve/.nvm/versions/node/v22.16.0/bin/npm
1 info using npm@10.9.2
2 info using node@v22.16.0
3 silly config load:file:/Users/acl-nt0016ve/.nvm/versions/node/v22.16.0/lib/node_modules/npm/npmrc
4 silly config load:file:/Users/acl-nt0016ve/portafolio/apps/task-management-ai/task-management-app/.npmrc
5 silly config load:file:/Users/acl-nt0016ve/.npmrc
6 silly config load:file:/Users/acl-nt0016ve/.nvm/versions/node/v22.16.0/etc/npmrc
7 verbose title npm i @heroui/react framer-motion
8 verbose argv "i" "@heroui/react" "framer-motion"
9 verbose logfile logs-max:10 dir:/Users/acl-nt0016ve/portafolio/apps/task-management-ai/task-management-app/.npm-cache/_logs/2025-10-30T14_53_29_319Z-
10 verbose logfile /Users/acl-nt0016ve/portafolio/apps/task-management-ai/task-management-app/.npm-cache/_logs/2025-10-30T14_53_29_319Z-debug-0.log
11 silly logfile done cleaning log files
12 silly packumentCache heap:4311744512 maxSize:1077936128 maxEntrySize:538968064
13 http fetch GET https://registry.npmjs.org/npm attempt 1 failed with ENOTFOUND
14 silly idealTree buildDeps
15 silly fetch manifest @heroui/react@*
16 silly packumentCache full:https://registry.npmjs.org/@heroui%2freact cache-miss
17 http fetch GET https://registry.npmjs.org/@heroui%2freact attempt 1 failed with ENOTFOUND
18 http fetch GET https://registry.npmjs.org/npm attempt 2 failed with ENOTFOUND
19 http fetch GET https://registry.npmjs.org/@heroui%2freact attempt 2 failed with ENOTFOUND
20 http fetch GET https://registry.npmjs.org/npm attempt 3 failed with ENOTFOUND
21 http fetch GET https://registry.npmjs.org/@heroui%2freact attempt 3 failed with ENOTFOUND
22 silly fetch manifest framer-motion@*
23 silly packumentCache full:https://registry.npmjs.org/framer-motion cache-miss
24 http fetch GET https://registry.npmjs.org/framer-motion attempt 1 failed with ENOTFOUND
25 http fetch GET https://registry.npmjs.org/framer-motion attempt 2 failed with ENOTFOUND
26 http fetch GET https://registry.npmjs.org/framer-motion attempt 3 failed with ENOTFOUND
27 silly placeDep ROOT @heroui/react@ OK for: task-management-app@0.1.0 want: *
28 silly placeDep ROOT framer-motion@ OK for: task-management-app@0.1.0 want: *
29 verbose type system
30 verbose stack FetchError: request to https://registry.npmjs.org/@heroui%2freact failed, reason: getaddrinfo ENOTFOUND registry.npmjs.org
30 verbose stack     at ClientRequest.<anonymous> (/Users/acl-nt0016ve/.nvm/versions/node/v22.16.0/lib/node_modules/npm/node_modules/minipass-fetch/lib/index.js:130:14)
30 verbose stack     at ClientRequest.emit (node:events:518:28)
30 verbose stack     at emitErrorEvent (node:_http_client:104:11)
30 verbose stack     at _destroy (node:_http_client:898:9)
30 verbose stack     at onSocketNT (node:_http_client:918:5)
30 verbose stack     at process.processTicksAndRejections (node:internal/process/task_queues:91:21)
31 error code ENOTFOUND
32 error syscall getaddrinfo
33 error errno ENOTFOUND
34 error network request to https://registry.npmjs.org/@heroui%2freact failed, reason: getaddrinfo ENOTFOUND registry.npmjs.org
35 error network This is a problem related to network connectivity.
35 error network In most cases you are behind a proxy or have bad network settings.
35 error network
35 error network If you are behind a proxy, please make sure that the
35 error network 'proxy' config is set properly.  See: 'npm help config'
36 silly unfinished npm timer reify 1761836009630
37 silly unfinished npm timer reify:loadTrees 1761836009631
38 verbose cwd /Users/acl-nt0016ve/portafolio/apps/task-management-ai/task-management-app
39 verbose os Darwin 24.4.0
40 verbose node v22.16.0
41 verbose npm  v10.9.2
42 verbose exit 1
43 verbose code 1
44 error A complete log of this run can be found in: /Users/acl-nt0016ve/portafolio/apps/task-management-ai/task-management-app/.npm-cache/_logs/2025-10-30T14_53_29_319Z-debug-0.log
